This file contains any messages produced by compilers while
running configure, to aid debugging if configure makes a mistake.

It was created by qodem configure 1.0.1, which was
generated by GNU Autoconf 2.69.  Invocation command line was

  $ ./configure 

## --------- ##
## Platform. ##
## --------- ##

hostname = cpknight-lemur
uname -m = x86_64
uname -r = 6.5.4-76060504-generic
uname -s = Linux
uname -v = #202309191142~1695998943~22.04~070916d SMP PREEMPT_DYNAMIC Fri S

/usr/bin/uname -p = x86_64
/bin/uname -X     = unknown

/bin/arch              = x86_64
/usr/bin/arch -k       = unknown
/usr/convex/getsysinfo = unknown
/usr/bin/hostinfo      = unknown
/bin/machine           = unknown
/usr/bin/oslevel       = unknown
/bin/universe          = unknown

PATH: /home/linuxbrew/.linuxbrew/bin
PATH: /home/linuxbrew/.linuxbrew/sbin
PATH: /home/cpknight/.local/bin
PATH: /usr/local/sbin
PATH: /usr/local/bin
PATH: /usr/sbin
PATH: /usr/bin
PATH: /sbin
PATH: /bin
PATH: /usr/games
PATH: /usr/local/games
PATH: /snap/bin


## ----------- ##
## Core tests. ##
## ----------- ##

configure:2212: checking for a BSD-compatible install
configure:2280: result: /usr/bin/install -c
configure:2291: checking whether build environment is sane
configure:2346: result: yes
configure:2492: checking for a thread-safe mkdir -p
configure:2531: result: /usr/bin/mkdir -p
configure:2538: checking for gawk
configure:2568: result: no
configure:2538: checking for mawk
configure:2554: found /usr/bin/mawk
configure:2565: result: mawk
configure:2576: checking whether make sets $(MAKE)
configure:2598: result: yes
configure:2627: checking whether make supports nested variables
configure:2644: result: yes
configure:2819: checking for gcc
configure:2835: found /usr/bin/gcc
configure:2846: result: gcc
configure:3075: checking for C compiler version
configure:3084: gcc --version >&5
gcc (Ubuntu 11.4.0-1ubuntu1~22.04) 11.4.0
Copyright (C) 2021 Free Software Foundation, Inc.
This is free software; see the source for copying conditions.  There is NO
warranty; not even for MERCHANTABILITY or FITNESS FOR A PARTICULAR PURPOSE.

configure:3095: $? = 0
configure:3084: gcc -v >&5
Using built-in specs.
COLLECT_GCC=gcc
COLLECT_LTO_WRAPPER=/usr/lib/gcc/x86_64-linux-gnu/11/lto-wrapper
OFFLOAD_TARGET_NAMES=nvptx-none:amdgcn-amdhsa
OFFLOAD_TARGET_DEFAULT=1
Target: x86_64-linux-gnu
Configured with: ../src/configure -v --with-pkgversion='Ubuntu 11.4.0-1ubuntu1~22.04' --with-bugurl=file:///usr/share/doc/gcc-11/README.Bugs --enable-languages=c,ada,c++,go,brig,d,fortran,objc,obj-c++,m2 --prefix=/usr --with-gcc-major-version-only --program-suffix=-11 --program-prefix=x86_64-linux-gnu- --enable-shared --enable-linker-build-id --libexecdir=/usr/lib --without-included-gettext --enable-threads=posix --libdir=/usr/lib --enable-nls --enable-bootstrap --enable-clocale=gnu --enable-libstdcxx-debug --enable-libstdcxx-time=yes --with-default-libstdcxx-abi=new --enable-gnu-unique-object --disable-vtable-verify --enable-plugin --enable-default-pie --with-system-zlib --enable-libphobos-checking=release --with-target-system-zlib=auto --enable-objc-gc=auto --enable-multiarch --disable-werror --enable-cet --with-arch-32=i686 --with-abi=m64 --with-multilib-list=m32,m64,mx32 --enable-multilib --with-tune=generic --enable-offload-targets=nvptx-none=/build/gcc-11-XeT9lY/gcc-11-11.4.0/debian/tmp-nvptx/usr,amdgcn-amdhsa=/build/gcc-11-XeT9lY/gcc-11-11.4.0/debian/tmp-gcn/usr --without-cuda-driver --enable-checking=release --build=x86_64-linux-gnu --host=x86_64-linux-gnu --target=x86_64-linux-gnu --with-build-config=bootstrap-lto-lean --enable-link-serialization=2
Thread model: posix
Supported LTO compression algorithms: zlib zstd
gcc version 11.4.0 (Ubuntu 11.4.0-1ubuntu1~22.04) 
... rest of stderr output deleted ...
configure:3095: $? = 0
configure:3084: gcc -V >&5
gcc: error: unrecognized command-line option '-V'
gcc: fatal error: no input files
compilation terminated.
configure:3095: $? = 1
configure:3084: gcc -qversion >&5
gcc: error: unrecognized command-line option '-qversion'; did you mean '--version'?
gcc: fatal error: no input files
compilation terminated.
configure:3095: $? = 1
configure:3115: checking whether the C compiler works
configure:3137: gcc    conftest.c  >&5
configure:3141: $? = 0
configure:3189: result: yes
configure:3192: checking for C compiler default output file name
configure:3194: result: a.out
configure:3200: checking for suffix of executables
configure:3207: gcc -o conftest    conftest.c  >&5
configure:3211: $? = 0
configure:3233: result: 
configure:3255: checking whether we are cross compiling
configure:3263: gcc -o conftest    conftest.c  >&5
configure:3267: $? = 0
configure:3274: ./conftest
configure:3278: $? = 0
configure:3293: result: no
configure:3298: checking for suffix of object files
configure:3320: gcc -c   conftest.c >&5
configure:3324: $? = 0
configure:3345: result: o
configure:3349: checking whether we are using the GNU C compiler
configure:3368: gcc -c   conftest.c >&5
configure:3368: $? = 0
configure:3377: result: yes
configure:3386: checking whether gcc accepts -g
configure:3406: gcc -c -g  conftest.c >&5
configure:3406: $? = 0
configure:3447: result: yes
configure:3464: checking for gcc option to accept ISO C89
configure:3527: gcc  -c -g -O2  conftest.c >&5
configure:3527: $? = 0
configure:3540: result: none needed
configure:3565: checking whether gcc understands -c and -o together
configure:3587: gcc -c conftest.c -o conftest2.o
configure:3590: $? = 0
configure:3587: gcc -c conftest.c -o conftest2.o
configure:3590: $? = 0
configure:3602: result: yes
configure:3622: checking whether make supports the include directive
configure:3637: make -f confmf.GNU && cat confinc.out
this is the am__doit target
configure:3640: $? = 0
configure:3659: result: yes (GNU style)
configure:3684: checking dependency style of gcc
configure:3795: result: gcc3
configure:3820: checking how to run the C preprocessor
configure:3851: gcc -E  conftest.c
configure:3851: $? = 0
configure:3865: gcc -E  conftest.c
conftest.c:11:10: fatal error: ac_nonexistent.h: No such file or directory
   11 | #include <ac_nonexistent.h>
      |          ^~~~~~~~~~~~~~~~~~
compilation terminated.
configure:3865: $? = 1
configure: failed program was:
| /* confdefs.h */
| #define PACKAGE_NAME "qodem"
| #define PACKAGE_TARNAME "qodem"
| #define PACKAGE_VERSION "1.0.1"
| #define PACKAGE_STRING "qodem 1.0.1"
| #define PACKAGE_BUGREPORT ""
| #define PACKAGE_URL ""
| #define PACKAGE "qodem"
| #define VERSION "1.0.1"
| /* end confdefs.h.  */
| #include <ac_nonexistent.h>
configure:3890: result: gcc -E
configure:3910: gcc -E  conftest.c
configure:3910: $? = 0
configure:3924: gcc -E  conftest.c
conftest.c:11:10: fatal error: ac_nonexistent.h: No such file or directory
   11 | #include <ac_nonexistent.h>
      |          ^~~~~~~~~~~~~~~~~~
compilation terminated.
configure:3924: $? = 1
configure: failed program was:
| /* confdefs.h */
| #define PACKAGE_NAME "qodem"
| #define PACKAGE_TARNAME "qodem"
| #define PACKAGE_VERSION "1.0.1"
| #define PACKAGE_STRING "qodem 1.0.1"
| #define PACKAGE_BUGREPORT ""
| #define PACKAGE_URL ""
| #define PACKAGE "qodem"
| #define VERSION "1.0.1"
| /* end confdefs.h.  */
| #include <ac_nonexistent.h>
configure:3953: checking for grep that handles long lines and -e
configure:4011: result: /usr/bin/grep
configure:4016: checking for egrep
configure:4078: result: /usr/bin/grep -E
configure:4083: checking for ANSI C header files
configure:4103: gcc -c -g -O2 -DQ_NO_NEWTERM  conftest.c >&5
configure:4103: $? = 0
configure:4176: gcc -o conftest -g -O2 -DQ_NO_NEWTERM   conftest.c  >&5
configure:4176: $? = 0
configure:4176: ./conftest
configure:4176: $? = 0
configure:4187: result: yes
configure:4200: checking for sys/types.h
configure:4200: gcc -c -g -O2 -DQ_NO_NEWTERM  conftest.c >&5
configure:4200: $? = 0
configure:4200: result: yes
configure:4200: checking for sys/stat.h
configure:4200: gcc -c -g -O2 -DQ_NO_NEWTERM  conftest.c >&5
configure:4200: $? = 0
configure:4200: result: yes
configure:4200: checking for stdlib.h
configure:4200: gcc -c -g -O2 -DQ_NO_NEWTERM  conftest.c >&5
configure:4200: $? = 0
configure:4200: result: yes
configure:4200: checking for string.h
configure:4200: gcc -c -g -O2 -DQ_NO_NEWTERM  conftest.c >&5
configure:4200: $? = 0
configure:4200: result: yes
configure:4200: checking for memory.h
configure:4200: gcc -c -g -O2 -DQ_NO_NEWTERM  conftest.c >&5
configure:4200: $? = 0
configure:4200: result: yes
configure:4200: checking for strings.h
configure:4200: gcc -c -g -O2 -DQ_NO_NEWTERM  conftest.c >&5
configure:4200: $? = 0
configure:4200: result: yes
configure:4200: checking for inttypes.h
configure:4200: gcc -c -g -O2 -DQ_NO_NEWTERM  conftest.c >&5
configure:4200: $? = 0
configure:4200: result: yes
configure:4200: checking for stdint.h
configure:4200: gcc -c -g -O2 -DQ_NO_NEWTERM  conftest.c >&5
configure:4200: $? = 0
configure:4200: result: yes
configure:4200: checking for unistd.h
configure:4200: gcc -c -g -O2 -DQ_NO_NEWTERM  conftest.c >&5
configure:4200: $? = 0
configure:4200: result: yes
configure:4214: checking sys/select.h usability
configure:4214: gcc -c -g -O2 -DQ_NO_NEWTERM  conftest.c >&5
configure:4214: $? = 0
configure:4214: result: yes
configure:4214: checking sys/select.h presence
configure:4214: gcc -E  conftest.c
configure:4214: $? = 0
configure:4214: result: yes
configure:4214: checking for sys/select.h
configure:4214: result: yes
configure:4226: checking pty.h usability
configure:4226: gcc -c -g -O2 -DQ_NO_NEWTERM  conftest.c >&5
configure:4226: $? = 0
configure:4226: result: yes
configure:4226: checking pty.h presence
configure:4226: gcc -E  conftest.c
configure:4226: $? = 0
configure:4226: result: yes
configure:4226: checking for pty.h
configure:4226: result: yes
configure:4238: checking libutil.h usability
configure:4238: gcc -c -g -O2 -DQ_NO_NEWTERM  conftest.c >&5
conftest.c:56:10: fatal error: libutil.h: No such file or directory
   56 | #include <libutil.h>
      |          ^~~~~~~~~~~
compilation terminated.
configure:4238: $? = 1
configure: failed program was:
| /* confdefs.h */
| #define PACKAGE_NAME "qodem"
| #define PACKAGE_TARNAME "qodem"
| #define PACKAGE_VERSION "1.0.1"
| #define PACKAGE_STRING "qodem 1.0.1"
| #define PACKAGE_BUGREPORT ""
| #define PACKAGE_URL ""
| #define PACKAGE "qodem"
| #define VERSION "1.0.1"
| #define STDC_HEADERS 1
| #define HAVE_SYS_TYPES_H 1
| #define HAVE_SYS_STAT_H 1
| #define HAVE_STDLIB_H 1
| #define HAVE_STRING_H 1
| #define HAVE_MEMORY_H 1
| #define HAVE_STRINGS_H 1
| #define HAVE_INTTYPES_H 1
| #define HAVE_STDINT_H 1
| #define HAVE_UNISTD_H 1
| #define HAVE_SYS_SELECT_H 1
| #define HAVE_PTY_H 1
| /* end confdefs.h.  */
| #include <stdio.h>
| #ifdef HAVE_SYS_TYPES_H
| # include <sys/types.h>
| #endif
| #ifdef HAVE_SYS_STAT_H
| # include <sys/stat.h>
| #endif
| #ifdef STDC_HEADERS
| # include <stdlib.h>
| # include <stddef.h>
| #else
| # ifdef HAVE_STDLIB_H
| #  include <stdlib.h>
| # endif
| #endif
| #ifdef HAVE_STRING_H
| # if !defined STDC_HEADERS && defined HAVE_MEMORY_H
| #  include <memory.h>
| # endif
| # include <string.h>
| #endif
| #ifdef HAVE_STRINGS_H
| # include <strings.h>
| #endif
| #ifdef HAVE_INTTYPES_H
| # include <inttypes.h>
| #endif
| #ifdef HAVE_STDINT_H
| # include <stdint.h>
| #endif
| #ifdef HAVE_UNISTD_H
| # include <unistd.h>
| #endif
| #include <libutil.h>
configure:4238: result: no
configure:4238: checking libutil.h presence
configure:4238: gcc -E  conftest.c
conftest.c:23:10: fatal error: libutil.h: No such file or directory
   23 | #include <libutil.h>
      |          ^~~~~~~~~~~
compilation terminated.
configure:4238: $? = 1
configure: failed program was:
| /* confdefs.h */
| #define PACKAGE_NAME "qodem"
| #define PACKAGE_TARNAME "qodem"
| #define PACKAGE_VERSION "1.0.1"
| #define PACKAGE_STRING "qodem 1.0.1"
| #define PACKAGE_BUGREPORT ""
| #define PACKAGE_URL ""
| #define PACKAGE "qodem"
| #define VERSION "1.0.1"
| #define STDC_HEADERS 1
| #define HAVE_SYS_TYPES_H 1
| #define HAVE_SYS_STAT_H 1
| #define HAVE_STDLIB_H 1
| #define HAVE_STRING_H 1
| #define HAVE_MEMORY_H 1
| #define HAVE_STRINGS_H 1
| #define HAVE_INTTYPES_H 1
| #define HAVE_STDINT_H 1
| #define HAVE_UNISTD_H 1
| #define HAVE_SYS_SELECT_H 1
| #define HAVE_PTY_H 1
| /* end confdefs.h.  */
| #include <libutil.h>
configure:4238: result: no
configure:4238: checking for libutil.h
configure:4238: result: no
configure:4250: checking util.h usability
configure:4250: gcc -c -g -O2 -DQ_NO_NEWTERM  conftest.c >&5
conftest.c:56:10: fatal error: util.h: No such file or directory
   56 | #include <util.h>
      |          ^~~~~~~~
compilation terminated.
configure:4250: $? = 1
configure: failed program was:
| /* confdefs.h */
| #define PACKAGE_NAME "qodem"
| #define PACKAGE_TARNAME "qodem"
| #define PACKAGE_VERSION "1.0.1"
| #define PACKAGE_STRING "qodem 1.0.1"
| #define PACKAGE_BUGREPORT ""
| #define PACKAGE_URL ""
| #define PACKAGE "qodem"
| #define VERSION "1.0.1"
| #define STDC_HEADERS 1
| #define HAVE_SYS_TYPES_H 1
| #define HAVE_SYS_STAT_H 1
| #define HAVE_STDLIB_H 1
| #define HAVE_STRING_H 1
| #define HAVE_MEMORY_H 1
| #define HAVE_STRINGS_H 1
| #define HAVE_INTTYPES_H 1
| #define HAVE_STDINT_H 1
| #define HAVE_UNISTD_H 1
| #define HAVE_SYS_SELECT_H 1
| #define HAVE_PTY_H 1
| /* end confdefs.h.  */
| #include <stdio.h>
| #ifdef HAVE_SYS_TYPES_H
| # include <sys/types.h>
| #endif
| #ifdef HAVE_SYS_STAT_H
| # include <sys/stat.h>
| #endif
| #ifdef STDC_HEADERS
| # include <stdlib.h>
| # include <stddef.h>
| #else
| # ifdef HAVE_STDLIB_H
| #  include <stdlib.h>
| # endif
| #endif
| #ifdef HAVE_STRING_H
| # if !defined STDC_HEADERS && defined HAVE_MEMORY_H
| #  include <memory.h>
| # endif
| # include <string.h>
| #endif
| #ifdef HAVE_STRINGS_H
| # include <strings.h>
| #endif
| #ifdef HAVE_INTTYPES_H
| # include <inttypes.h>
| #endif
| #ifdef HAVE_STDINT_H
| # include <stdint.h>
| #endif
| #ifdef HAVE_UNISTD_H
| # include <unistd.h>
| #endif
| #include <util.h>
configure:4250: result: no
configure:4250: checking util.h presence
configure:4250: gcc -E  conftest.c
conftest.c:23:10: fatal error: util.h: No such file or directory
   23 | #include <util.h>
      |          ^~~~~~~~
compilation terminated.
configure:4250: $? = 1
configure: failed program was:
| /* confdefs.h */
| #define PACKAGE_NAME "qodem"
| #define PACKAGE_TARNAME "qodem"
| #define PACKAGE_VERSION "1.0.1"
| #define PACKAGE_STRING "qodem 1.0.1"
| #define PACKAGE_BUGREPORT ""
| #define PACKAGE_URL ""
| #define PACKAGE "qodem"
| #define VERSION "1.0.1"
| #define STDC_HEADERS 1
| #define HAVE_SYS_TYPES_H 1
| #define HAVE_SYS_STAT_H 1
| #define HAVE_STDLIB_H 1
| #define HAVE_STRING_H 1
| #define HAVE_MEMORY_H 1
| #define HAVE_STRINGS_H 1
| #define HAVE_INTTYPES_H 1
| #define HAVE_STDINT_H 1
| #define HAVE_UNISTD_H 1
| #define HAVE_SYS_SELECT_H 1
| #define HAVE_PTY_H 1
| /* end confdefs.h.  */
| #include <util.h>
configure:4250: result: no
configure:4250: checking for util.h
configure:4250: result: no
configure:4262: checking getopt.h usability
configure:4262: gcc -c -g -O2 -DQ_NO_NEWTERM  conftest.c >&5
configure:4262: $? = 0
configure:4262: result: yes
configure:4262: checking getopt.h presence
configure:4262: gcc -E  conftest.c
configure:4262: $? = 0
configure:4262: result: yes
configure:4262: checking for getopt.h
configure:4262: result: yes
configure:4274: checking ncursesw/curses.h usability
configure:4274: gcc -c -g -O2 -DQ_NO_NEWTERM  conftest.c >&5
configure:4274: $? = 0
configure:4274: result: yes
configure:4274: checking ncursesw/curses.h presence
configure:4274: gcc -E  conftest.c
configure:4274: $? = 0
configure:4274: result: yes
configure:4274: checking for ncursesw/curses.h
configure:4274: result: yes
configure:4286: checking miniupnpc/miniupnpc.h usability
configure:4286: gcc -c -g -O2 -DQ_NO_NEWTERM  conftest.c >&5
conftest.c:58:10: fatal error: miniupnpc/miniupnpc.h: No such file or directory
   58 | #include <miniupnpc/miniupnpc.h>
      |          ^~~~~~~~~~~~~~~~~~~~~~~
compilation terminated.
configure:4286: $? = 1
configure: failed program was:
| /* confdefs.h */
| #define PACKAGE_NAME "qodem"
| #define PACKAGE_TARNAME "qodem"
| #define PACKAGE_VERSION "1.0.1"
| #define PACKAGE_STRING "qodem 1.0.1"
| #define PACKAGE_BUGREPORT ""
| #define PACKAGE_URL ""
| #define PACKAGE "qodem"
| #define VERSION "1.0.1"
| #define STDC_HEADERS 1
| #define HAVE_SYS_TYPES_H 1
| #define HAVE_SYS_STAT_H 1
| #define HAVE_STDLIB_H 1
| #define HAVE_STRING_H 1
| #define HAVE_MEMORY_H 1
| #define HAVE_STRINGS_H 1
| #define HAVE_INTTYPES_H 1
| #define HAVE_STDINT_H 1
| #define HAVE_UNISTD_H 1
| #define HAVE_SYS_SELECT_H 1
| #define HAVE_PTY_H 1
| #define HAVE_GETOPT_H 1
| #define HAVE_NCURSESW_CURSES_H 1
| /* end confdefs.h.  */
| #include <stdio.h>
| #ifdef HAVE_SYS_TYPES_H
| # include <sys/types.h>
| #endif
| #ifdef HAVE_SYS_STAT_H
| # include <sys/stat.h>
| #endif
| #ifdef STDC_HEADERS
| # include <stdlib.h>
| # include <stddef.h>
| #else
| # ifdef HAVE_STDLIB_H
| #  include <stdlib.h>
| # endif
| #endif
| #ifdef HAVE_STRING_H
| # if !defined STDC_HEADERS && defined HAVE_MEMORY_H
| #  include <memory.h>
| # endif
| # include <string.h>
| #endif
| #ifdef HAVE_STRINGS_H
| # include <strings.h>
| #endif
| #ifdef HAVE_INTTYPES_H
| # include <inttypes.h>
| #endif
| #ifdef HAVE_STDINT_H
| # include <stdint.h>
| #endif
| #ifdef HAVE_UNISTD_H
| # include <unistd.h>
| #endif
| #include <miniupnpc/miniupnpc.h>
configure:4286: result: no
configure:4286: checking miniupnpc/miniupnpc.h presence
configure:4286: gcc -E  conftest.c
conftest.c:25:10: fatal error: miniupnpc/miniupnpc.h: No such file or directory
   25 | #include <miniupnpc/miniupnpc.h>
      |          ^~~~~~~~~~~~~~~~~~~~~~~
compilation terminated.
configure:4286: $? = 1
configure: failed program was:
| /* confdefs.h */
| #define PACKAGE_NAME "qodem"
| #define PACKAGE_TARNAME "qodem"
| #define PACKAGE_VERSION "1.0.1"
| #define PACKAGE_STRING "qodem 1.0.1"
| #define PACKAGE_BUGREPORT ""
| #define PACKAGE_URL ""
| #define PACKAGE "qodem"
| #define VERSION "1.0.1"
| #define STDC_HEADERS 1
| #define HAVE_SYS_TYPES_H 1
| #define HAVE_SYS_STAT_H 1
| #define HAVE_STDLIB_H 1
| #define HAVE_STRING_H 1
| #define HAVE_MEMORY_H 1
| #define HAVE_STRINGS_H 1
| #define HAVE_INTTYPES_H 1
| #define HAVE_STDINT_H 1
| #define HAVE_UNISTD_H 1
| #define HAVE_SYS_SELECT_H 1
| #define HAVE_PTY_H 1
| #define HAVE_GETOPT_H 1
| #define HAVE_NCURSESW_CURSES_H 1
| /* end confdefs.h.  */
| #include <miniupnpc/miniupnpc.h>
configure:4286: result: no
configure:4286: checking for miniupnpc/miniupnpc.h
configure:4286: result: no
configure:4297: checking for library containing forkpty
configure:4328: gcc -o conftest -g -O2 -DQ_NO_NEWTERM   conftest.c  >&5
configure:4328: $? = 0
configure:4345: result: none required
configure:4355: checking for forkpty
configure:4355: gcc -o conftest -g -O2 -DQ_NO_NEWTERM   conftest.c  >&5
configure:4355: $? = 0
configure:4355: result: yes
configure:4364: checking for mvwadd_wch in -lncursesw
configure:4389: gcc -o conftest -g -O2 -DQ_NO_NEWTERM   conftest.c -lncursesw   >&5
configure:4389: $? = 0
configure:4398: result: yes
configure:4406: checking for mvwadd_wch in -lncurses
configure:4431: gcc -o conftest -g -O2 -DQ_NO_NEWTERM   conftest.c -lncurses   >&5
/usr/bin/ld: /tmp/ccRMebIK.o: in function `main':
/home/cpknight/Projects/Retro-BBS-Term/qodem/conftest.c:37: undefined reference to `mvwadd_wch'
collect2: error: ld returned 1 exit status
configure:4431: $? = 1
configure: failed program was:
| /* confdefs.h */
| #define PACKAGE_NAME "qodem"
| #define PACKAGE_TARNAME "qodem"
| #define PACKAGE_VERSION "1.0.1"
| #define PACKAGE_STRING "qodem 1.0.1"
| #define PACKAGE_BUGREPORT ""
| #define PACKAGE_URL ""
| #define PACKAGE "qodem"
| #define VERSION "1.0.1"
| #define STDC_HEADERS 1
| #define HAVE_SYS_TYPES_H 1
| #define HAVE_SYS_STAT_H 1
| #define HAVE_STDLIB_H 1
| #define HAVE_STRING_H 1
| #define HAVE_MEMORY_H 1
| #define HAVE_STRINGS_H 1
| #define HAVE_INTTYPES_H 1
| #define HAVE_STDINT_H 1
| #define HAVE_UNISTD_H 1
| #define HAVE_SYS_SELECT_H 1
| #define HAVE_PTY_H 1
| #define HAVE_GETOPT_H 1
| #define HAVE_NCURSESW_CURSES_H 1
| #define HAVE_FORKPTY 1
| /* end confdefs.h.  */
| 
| /* Override any GCC internal prototype to avoid an error.
|    Use char because int might match the return type of a GCC
|    builtin and then its argument prototype would still apply.  */
| #ifdef __cplusplus
| extern "C"
| #endif
| char mvwadd_wch ();
| int
| main ()
| {
| return mvwadd_wch ();
|   ;
|   return 0;
| }
configure:4440: result: no
configure:4448: checking for upnpDiscover in -lminiupnpc
configure:4473: gcc -o conftest -g -O2 -DQ_NO_NEWTERM   conftest.c -lminiupnpc   >&5
/usr/bin/ld: cannot find -lminiupnpc: No such file or directory
collect2: error: ld returned 1 exit status
configure:4473: $? = 1
configure: failed program was:
| /* confdefs.h */
| #define PACKAGE_NAME "qodem"
| #define PACKAGE_TARNAME "qodem"
| #define PACKAGE_VERSION "1.0.1"
| #define PACKAGE_STRING "qodem 1.0.1"
| #define PACKAGE_BUGREPORT ""
| #define PACKAGE_URL ""
| #define PACKAGE "qodem"
| #define VERSION "1.0.1"
| #define STDC_HEADERS 1
| #define HAVE_SYS_TYPES_H 1
| #define HAVE_SYS_STAT_H 1
| #define HAVE_STDLIB_H 1
| #define HAVE_STRING_H 1
| #define HAVE_MEMORY_H 1
| #define HAVE_STRINGS_H 1
| #define HAVE_INTTYPES_H 1
| #define HAVE_STDINT_H 1
| #define HAVE_UNISTD_H 1
| #define HAVE_SYS_SELECT_H 1
| #define HAVE_PTY_H 1
| #define HAVE_GETOPT_H 1
| #define HAVE_NCURSESW_CURSES_H 1
| #define HAVE_FORKPTY 1
| /* end confdefs.h.  */
| 
| /* Override any GCC internal prototype to avoid an error.
|    Use char because int might match the return type of a GCC
|    builtin and then its argument prototype would still apply.  */
| #ifdef __cplusplus
| extern "C"
| #endif
| char upnpDiscover ();
| int
| main ()
| {
| return upnpDiscover ();
|   ;
|   return 0;
| }
configure:4482: result: no
configure:4490: checking for Gpm_Open in -lgpm
configure:4515: gcc -o conftest -g -O2 -DQ_NO_NEWTERM   conftest.c -lgpm   >&5
configure:4515: $? = 0
configure:4524: result: yes
configure:4539: checking for SDL_Init in -lSDL
configure:4564: gcc -o conftest -g -O2 -DQ_NO_NEWTERM   conftest.c -lSDL   >&5
/usr/bin/ld: cannot find -lSDL: No such file or directory
collect2: error: ld returned 1 exit status
configure:4564: $? = 1
configure: failed program was:
| /* confdefs.h */
| #define PACKAGE_NAME "qodem"
| #define PACKAGE_TARNAME "qodem"
| #define PACKAGE_VERSION "1.0.1"
| #define PACKAGE_STRING "qodem 1.0.1"
| #define PACKAGE_BUGREPORT ""
| #define PACKAGE_URL ""
| #define PACKAGE "qodem"
| #define VERSION "1.0.1"
| #define STDC_HEADERS 1
| #define HAVE_SYS_TYPES_H 1
| #define HAVE_SYS_STAT_H 1
| #define HAVE_STDLIB_H 1
| #define HAVE_STRING_H 1
| #define HAVE_MEMORY_H 1
| #define HAVE_STRINGS_H 1
| #define HAVE_INTTYPES_H 1
| #define HAVE_STDINT_H 1
| #define HAVE_UNISTD_H 1
| #define HAVE_SYS_SELECT_H 1
| #define HAVE_PTY_H 1
| #define HAVE_GETOPT_H 1
| #define HAVE_NCURSESW_CURSES_H 1
| #define HAVE_FORKPTY 1
| /* end confdefs.h.  */
| 
| /* Override any GCC internal prototype to avoid an error.
|    Use char because int might match the return type of a GCC
|    builtin and then its argument prototype would still apply.  */
| #ifdef __cplusplus
| extern "C"
| #endif
| char SDL_Init ();
| int
| main ()
| {
| return SDL_Init ();
|   ;
|   return 0;
| }
configure:4573: result: no
configure:4593:  *** SDL unavailable *** 
configure:4642:  *** ncurses found *** 
configure:4675:  --- Cryptlib default: disable --- 
configure:4680:  *** Disable cryptlib *** 
configure:4710:  *** Enable UPnP *** 
configure:4719:  *** Using local UPnP library *** 
configure:4751:  *** libgpm found *** 
configure:4863: checking that generated files are newer than configure
configure:4869: result: done
configure:4896: creating ./config.status

## ---------------------- ##
## Running config.status. ##
## ---------------------- ##

This file was extended by qodem config.status 1.0.1, which was
generated by GNU Autoconf 2.69.  Invocation command line was

  CONFIG_FILES    = 
  CONFIG_HEADERS  = 
  CONFIG_LINKS    = 
  CONFIG_COMMANDS = 
  $ ./config.status 

on cpknight-lemur

config.status:862: creating Makefile
config.status:862: creating source/config.h
config.status:1043: source/config.h is unchanged
config.status:1091: executing depfiles commands
config.status:1168: cd .       && sed -e '/# am--include-marker/d' Makefile         | make -f - am--depfiles
make: Nothing to be done for 'am--depfiles'.
config.status:1173: $? = 0

## ---------------- ##
## Cache variables. ##
## ---------------- ##

ac_cv_c_compiler_gnu=yes
ac_cv_env_CC_set=
ac_cv_env_CC_value=
ac_cv_env_CFLAGS_set=
ac_cv_env_CFLAGS_value=
ac_cv_env_CPPFLAGS_set=
ac_cv_env_CPPFLAGS_value=
ac_cv_env_CPP_set=
ac_cv_env_CPP_value=
ac_cv_env_LDFLAGS_set=
ac_cv_env_LDFLAGS_value=
ac_cv_env_LIBS_set=
ac_cv_env_LIBS_value=
ac_cv_env_build_alias_set=
ac_cv_env_build_alias_value=
ac_cv_env_host_alias_set=
ac_cv_env_host_alias_value=
ac_cv_env_target_alias_set=
ac_cv_env_target_alias_value=
ac_cv_func_forkpty=yes
ac_cv_header_getopt_h=yes
ac_cv_header_inttypes_h=yes
ac_cv_header_libutil_h=no
ac_cv_header_memory_h=yes
ac_cv_header_miniupnpc_miniupnpc_h=no
ac_cv_header_ncursesw_curses_h=yes
ac_cv_header_pty_h=yes
ac_cv_header_stdc=yes
ac_cv_header_stdint_h=yes
ac_cv_header_stdlib_h=yes
ac_cv_header_string_h=yes
ac_cv_header_strings_h=yes
ac_cv_header_sys_select_h=yes
ac_cv_header_sys_stat_h=yes
ac_cv_header_sys_types_h=yes
ac_cv_header_unistd_h=yes
ac_cv_header_util_h=no
ac_cv_lib_SDL_SDL_Init=no
ac_cv_lib_gpm_Gpm_Open=yes
ac_cv_lib_miniupnpc_upnpDiscover=no
ac_cv_lib_ncurses_mvwadd_wch=no
ac_cv_lib_ncursesw_mvwadd_wch=yes
ac_cv_objext=o
ac_cv_path_EGREP='/usr/bin/grep -E'
ac_cv_path_GREP=/usr/bin/grep
ac_cv_path_install='/usr/bin/install -c'
ac_cv_path_mkdir=/usr/bin/mkdir
ac_cv_prog_AWK=mawk
ac_cv_prog_CPP='gcc -E'
ac_cv_prog_ac_ct_CC=gcc
ac_cv_prog_cc_c89=
ac_cv_prog_cc_g=yes
ac_cv_prog_make_make_set=yes
ac_cv_search_forkpty='none required'
am_cv_CC_dependencies_compiler_type=gcc3
am_cv_make_support_nested_variables=yes
am_cv_prog_cc_c_o=yes

## ----------------- ##
## Output variables. ##
## ----------------- ##

ACLOCAL='${SHELL} '\''/home/cpknight/Projects/Retro-BBS-Term/qodem/missing'\'' aclocal-1.16'
AMDEPBACKSLASH='\'
AMDEP_FALSE='#'
AMDEP_TRUE=''
AMTAR='$${TAR-tar}'
AM_BACKSLASH='\'
AM_DEFAULT_V='$(AM_DEFAULT_VERBOSITY)'
AM_DEFAULT_VERBOSITY='1'
AM_V='$(V)'
AUTOCONF='${SHELL} '\''/home/cpknight/Projects/Retro-BBS-Term/qodem/missing'\'' autoconf'
AUTOHEADER='${SHELL} '\''/home/cpknight/Projects/Retro-BBS-Term/qodem/missing'\'' autoheader'
AUTOMAKE='${SHELL} '\''/home/cpknight/Projects/Retro-BBS-Term/qodem/missing'\'' automake-1.16'
AWK='mawk'
CC='gcc'
CCDEPMODE='depmode=gcc3'
CFLAGS='-g -O2 -DQ_NO_NEWTERM -DQ_UPNP -Ilib/upnp -DQ_ENABLE_GPM'
CPP='gcc -E'
CPPFLAGS=''
CYGPATH_W='echo'
DEFS='-DHAVE_CONFIG_H'
DEPDIR='.deps'
ECHO_C=''
ECHO_N='-n'
ECHO_T=''
EGREP='/usr/bin/grep -E'
EXEEXT=''
GREP='/usr/bin/grep'
INSTALL_DATA='${INSTALL} -m 644'
INSTALL_PROGRAM='${INSTALL}'
INSTALL_SCRIPT='${INSTALL}'
INSTALL_STRIP_PROGRAM='$(install_sh) -c -s'
LDFLAGS=''
LIBOBJS=''
LIBS='-lncursesw  lib/upnp/libminiupnpc.a -lgpm'
LTLIBOBJS=''
MAKEINFO='${SHELL} '\''/home/cpknight/Projects/Retro-BBS-Term/qodem/missing'\'' makeinfo'
MKDIR_P='/usr/bin/mkdir -p'
OBJEXT='o'
PACKAGE='qodem'
PACKAGE_BUGREPORT=''
PACKAGE_NAME='qodem'
PACKAGE_STRING='qodem 1.0.1'
PACKAGE_TARNAME='qodem'
PACKAGE_URL=''
PACKAGE_VERSION='1.0.1'
PATH_SEPARATOR=':'
QODEMX11=''
Q_X11_BUILD_FALSE=''
Q_X11_BUILD_TRUE='#'
SET_MAKE=''
SHELL='/bin/bash'
STRIP=''
VERSION='1.0.1'
ac_ct_CC='gcc'
am__EXEEXT_FALSE=''
am__EXEEXT_TRUE='#'
am__fastdepCC_FALSE='#'
am__fastdepCC_TRUE=''
am__include='include'
am__isrc=''
am__leading_dot='.'
am__nodep='_no'
am__quote=''
am__tar='$${TAR-tar} chof - "$$tardir"'
am__untar='$${TAR-tar} xf -'
bindir='${exec_prefix}/bin'
build_alias=''
datadir='${datarootdir}'
datarootdir='${prefix}/share'
docdir='${datarootdir}/doc/${PACKAGE_TARNAME}'
dvidir='${docdir}'
exec_prefix='${prefix}'
host_alias=''
htmldir='${docdir}'
includedir='${prefix}/include'
infodir='${datarootdir}/info'
install_sh='${SHELL} /home/cpknight/Projects/Retro-BBS-Term/qodem/install-sh'
libdir='${exec_prefix}/lib'
libexecdir='${exec_prefix}/libexec'
localedir='${datarootdir}/locale'
localstatedir='${prefix}/var'
mandir='${datarootdir}/man'
mkdir_p='$(MKDIR_P)'
oldincludedir='/usr/include'
pdfdir='${docdir}'
prefix='/usr/local'
program_transform_name='s,x,x,'
psdir='${docdir}'
runstatedir='${localstatedir}/run'
sbindir='${exec_prefix}/sbin'
sharedstatedir='${prefix}/com'
subdirs='lib/upnp '
sysconfdir='${prefix}/etc'
target_alias=''

## ----------- ##
## confdefs.h. ##
## ----------- ##

/* confdefs.h */
#define PACKAGE_NAME "qodem"
#define PACKAGE_TARNAME "qodem"
#define PACKAGE_VERSION "1.0.1"
#define PACKAGE_STRING "qodem 1.0.1"
#define PACKAGE_BUGREPORT ""
#define PACKAGE_URL ""
#define PACKAGE "qodem"
#define VERSION "1.0.1"
#define STDC_HEADERS 1
#define HAVE_SYS_TYPES_H 1
#define HAVE_SYS_STAT_H 1
#define HAVE_STDLIB_H 1
#define HAVE_STRING_H 1
#define HAVE_MEMORY_H 1
#define HAVE_STRINGS_H 1
#define HAVE_INTTYPES_H 1
#define HAVE_STDINT_H 1
#define HAVE_UNISTD_H 1
#define HAVE_SYS_SELECT_H 1
#define HAVE_PTY_H 1
#define HAVE_GETOPT_H 1
#define HAVE_NCURSESW_CURSES_H 1
#define HAVE_FORKPTY 1

configure: exit 0
